-------------------------------------------------------------------------------
Test set: com.example.MovieInfoService.MovieInfoServiceApplicationTests
-------------------------------------------------------------------------------
Tests run: 1, Failures: 0, Errors: 1, Skipped: 0, Time elapsed: 4.456 s <<< FAILURE! - in com.example.MovieInfoService.MovieInfoServiceApplicationTests
contextLoads  Time elapsed: 0.027 s  <<< ERROR!
java.lang.IllegalStateException: Failed to load ApplicationContext for [WebMergedContextConfiguration@da4cf09 testClass = com.example.MovieInfoService.MovieInfoServiceApplicationTests, locations = [], classes = [com.example.MovieInfoService.MovieInfoServiceApplication], contextInitializerClasses = [], activeProfiles = [], propertySourceLocations = [], propertySourceProperties = ["org.springframework.boot.test.context.SpringBootTestContextBootstrapper=true"], contextCustomizers = [org.springframework.boot.test.context.filter.ExcludeFilterContextCustomizer@1a4013, org.springframework.boot.test.json.DuplicateJsonObjectContextCustomizerFactory$DuplicateJsonObjectContextCustomizer@49912c99, org.springframework.boot.test.mock.mockito.MockitoContextCustomizer@0, org.springframework.boot.test.web.client.TestRestTemplateContextCustomizer@33990a0c, org.springframework.boot.test.autoconfigure.actuate.observability.ObservabilityContextCustomizerFactory$DisableObservabilityContextCustomizer@9da1, org.springframework.boot.test.autoconfigure.properties.PropertyMappingContextCustomizer@0, org.springframework.boot.test.autoconfigure.web.servlet.WebDriverContextCustomizerFactory$Customizer@3d6f0054, org.springframework.boot.test.context.SpringBootTestAnnotation@e8edd9f2], resourceBasePath = "src/main/webapp", contextLoader = org.springframework.boot.test.context.SpringBootContextLoader, parent = null]
Caused by: org.springframework.beans.factory.BeanCreationException: Error creating bean with name 'eurekaInstanceConfigBean' defined in class path resource [org/springframework/cloud/netflix/eureka/EurekaClientAutoConfiguration.class]: Failed to instantiate [org.springframework.cloud.netflix.eureka.EurekaInstanceConfigBean]: Factory method 'eurekaInstanceConfigBean' threw exception with message: For input string: "8081                     "
Caused by: org.springframework.beans.BeanInstantiationException: Failed to instantiate [org.springframework.cloud.netflix.eureka.EurekaInstanceConfigBean]: Factory method 'eurekaInstanceConfigBean' threw exception with message: For input string: "8081                     "
Caused by: java.lang.NumberFormatException: For input string: "8081                     "

